Settings:
  Output files: "data/index_hisat2/genome_index_hisat2/genome-index.*.ht2"
  Line rate: 6 (line is 64 bytes)
  Lines per side: 1 (side is 64 bytes)
  Offset rate: 4 (one in 16)
  FTable chars: 10
  Strings: unpacked
  Local offset rate: 3 (one in 8)
  Local fTable chars: 6
  Local sequence length: 57344
  Local sequence overlap between two consecutive indexes: 1024
  Endianness: little
  Actual local endianness: little
  Sanity checking: disabled
  Assertions: disabled
  Random seed: 0
  Sizeofs: void*:8, int:4, long:8, size_t:8
Input files DNA, FASTA:
  data/reference/dmel-all-chromosome-r6.55.fasta
Reading reference sizes
  Time reading reference sizes: 00:00:00
Calculating joined length
Writing header
Reserving space for joined string
Joining reference sequences
  Time to join reference sequences: 00:00:01
  Time to read SNPs and splice sites: 00:00:00
Using parameters --bmax 26732442 --dcv 1024
  Doing ahead-of-time memory usage test
  Passed!  Constructing with these parameters: --bmax 26732442 --dcv 1024
Constructing suffix-array element generator
Converting suffix-array elements to index image
Allocating ftab, absorbFtab
Entering GFM loop
Exited GFM loop
fchr[A]: 0
fchr[C]: 41351058
fchr[G]: 71311730
fchr[T]: 101240543
fchr[$]: 142573024
Exiting GFM::buildToDisk()
Returning from initFromVector
Wrote 52159387 bytes to primary GFM file: data/index_hisat2/genome_index_hisat2/genome-index.1.ht2
Wrote 35643264 bytes to secondary GFM file: data/index_hisat2/genome_index_hisat2/genome-index.2.ht2
Re-opening _in1 and _in2 as input streams
Returning from GFM constructor
Returning from initFromVector
Wrote 77356861 bytes to primary GFM file: data/index_hisat2/genome_index_hisat2/genome-index.5.ht2
Wrote 36275454 bytes to secondary GFM file: data/index_hisat2/genome_index_hisat2/genome-index.6.ht2
Re-opening _in5 and _in5 as input streams
Returning from HGFM constructor
Headers:
    len: 142573024
    gbwtLen: 142573025
    nodes: 142573025
    sz: 35643256
    gbwtSz: 35643257
    lineRate: 6
    offRate: 4
    offMask: 0xfffffff0
    ftabChars: 10
    eftabLen: 0
    eftabSz: 0
    ftabLen: 1048577
    ftabSz: 4194308
    offsLen: 8910815
    offsSz: 35643260
    lineSz: 64
    sideSz: 64
    sideGbwtSz: 48
    sideGbwtLen: 192
    numSides: 742568
    numLines: 742568
    gbwtTotLen: 47524352
    gbwtTotSz: 47524352
    reverse: 0
    linearFM: Yes
Total time for call to driver() for forward index: 00:00:55
